2021-04-17 12:20:24,083 - __main__ - INFO - Finish calculating the fitness and its standard variance of current tribe/group.
2021-04-17 12:20:32,408 - __main__ - INFO - For dataset Higgs_Boson, mean score is 0.693243, standard variance is 0.009114
2021-04-17 12:20:32,598 - __main__ - INFO - Finish calculating the fitness and its standard variance of current tribe/group.
2021-04-17 12:20:35,267 - __main__ - INFO - For dataset Amazon_employee_access, mean score is 0.932863, standard variance is 0.002210
2021-04-17 12:20:35,395 - __main__ - INFO - Finish calculating the fitness and its standard variance of current tribe/group.
2021-04-17 12:20:37,148 - __main__ - INFO - For dataset SpectF, mean score is 0.776001, standard variance is 0.046684
2021-04-17 12:20:37,419 - __main__ - INFO - Finish calculating the fitness and its standard variance of current tribe/group.
2021-04-17 12:20:39,269 - __main__ - INFO - For dataset German_Credit, mean score is 0.747626, standard variance is 0.009833
2021-04-17 12:20:41,753 - __main__ - INFO - Finish calculating the fitness and its standard variance of current tribe/group.
2021-04-17 12:20:45,747 - __main__ - INFO - For dataset AP_Omentum_Ovary, mean score is 0.782022, standard variance is 0.024982
2021-04-17 12:20:45,968 - __main__ - INFO - Finish calculating the fitness and its standard variance of current tribe/group.
2021-04-17 12:20:47,728 - __main__ - INFO - For dataset Lymphography, mean score is 0.840042, standard variance is 0.059169
2021-04-17 12:20:47,857 - __main__ - INFO - Finish calculating the fitness and its standard variance of current tribe/group.
2021-04-17 12:20:49,587 - __main__ - INFO - For dataset Ionosphere_cleaned, mean score is 0.929634, standard variance is 0.044548
2021-04-17 12:20:47,857 - __main__ - INFO - Finish calculating the fitness and its standard variance of current tribe/group.
2021-04-17 12:20:49,587 - __main__ - INFO - For dataset CeditCard_default, mean score is 0.792818, standard variance is 0.004476
2021-04-17 12:20:49,722 - __main__ - INFO - Finish calculating the fitness and its standard variance of current tribe/group.
2021-04-17 12:20:51,528 - __main__ - INFO - For dataset messidor_features, mean score is 0.683247, standard variance is 0.040821
2021-04-17 12:20:51,655 - __main__ - INFO - Finish calculating the fitness and its standard variance of current tribe/group.
2021-04-17 12:20:53,543 - __main__ - INFO - For dataset winequality_red, mean score is 0.543760, standard variance is 0.038421
2021-04-17 12:20:53,691 - __main__ - INFO - Finish calculating the fitness and its standard variance of current tribe/group.
2021-04-17 12:20:56,368 - __main__ - INFO - For dataset winequality_white, mean score is 0.492184, standard variance is 0.030411
2021-04-17 12:20:53,691 - __main__ - INFO - Finish calculating the fitness and its standard variance of current tribe/group.
2021-04-17 12:20:56,368 - __main__ - INFO - For dataset SpamBase, mean score is 0.912071, standard variance is 0.055867

2021-04-20 12:51:56,295 - __main__ - INFO - Finish calculating the fitness and its standard variance of current tribe/group.
2021-04-20 12:52:01,801 - __main__ - INFO - For dataset Housing_Boston, mean score is 0.523372, standard variance is 0.077004
2021-04-20 12:52:02,202 - __main__ - INFO - Finish calculating the fitness and its standard variance of current tribe/group.
2021-04-20 12:52:04,003 - __main__ - INFO - For dataset Openml_618, mean score is 0.628865, standard variance is 0.007072
2021-04-20 12:52:04,142 - __main__ - INFO - Finish calculating the fitness and its standard variance of current tribe/group.
2021-04-20 12:52:05,414 - __main__ - INFO - For dataset Openml_589, mean score is 0.641357, standard variance is 0.000863
2021-04-20 12:52:05,583 - __main__ - INFO - Finish calculating the fitness and its standard variance of current tribe/group.
2021-04-20 12:52:06,709 - __main__ - INFO - For dataset Openml_616, mean score is 0.555976, standard variance is 0.002963
2021-04-20 12:52:06,897 - __main__ - INFO - Finish calculating the fitness and its standard variance of current tribe/group.
2021-04-20 12:52:08,407 - __main__ - INFO - For dataset Openml_607, mean score is 0.630198, standard variance is 0.002349
2021-04-20 12:52:08,566 - __main__ - INFO - Finish calculating the fitness and its standard variance of current tribe/group.
2021-04-20 12:52:09,860 - __main__ - INFO - For dataset Openml_620, mean score is 0.631626, standard variance is 0.009872
2021-04-20 12:52:10,028 - __main__ - INFO - Finish calculating the fitness and its standard variance of current tribe/group.
2021-04-20 12:52:11,141 - __main__ - INFO - For dataset Openml_637, mean score is 0.492842, standard variance is 0.012823
2021-04-20 12:52:11,277 - __main__ - INFO - Finish calculating the fitness and its standard variance of current tribe/group.
2021-04-20 12:52:12,283 - __main__ - INFO - For dataset Openml_586, mean score is 0.648214, standard variance is 0.003628

2021-04-30 18:55:32,278 - __main__ - INFO - For dataset Housing_Boston, mean score is 0.473241, standard variance is 0.137936
2021-04-30 18:55:35,701 - __main__ - INFO - For dataset Openml_618, mean score is 0.663829, standard variance is 0.017599
2021-04-30 18:55:38,177 - __main__ - INFO - For dataset Openml_589, mean score is 0.677627, standard variance is 0.021811
2021-04-30 18:55:40,417 - __main__ - INFO - For dataset Openml_616, mean score is 0.611580, standard variance is 0.013627
2021-04-30 18:55:43,716 - __main__ - INFO - For dataset Openml_607, mean score is 0.667000, standard variance is 0.030635
2021-04-30 18:55:46,057 - __main__ - INFO - For dataset Openml_620, mean score is 0.658839, standard variance is 0.016472
2021-04-30 18:55:48,308 - __main__ - INFO - For dataset Openml_637, mean score is 0.553895, standard variance is 0.023899
2021-04-30 18:55:50,656 - __main__ - INFO - For dataset Openml_586, mean score is 0.683955, standard variance is 0.021530
2021-05-06 23:55:06,954 - __main__ - INFO - For dataset azon_employee_access, mean score is 0.932893, standard variance is 0.004265
2021-05-07 00:06:48,525 - __main__ - INFO - For dataset editCard_default, mean score is 0.792818, standard variance is 0.004476
2021-05-07 10:39:29,272 - __main__ - INFO - For dataset CreditCard_default, mean score is 0.792818, standard variance is 0.004476
2021-05-07 11:17:19,140 - __main__ - INFO - For dataset CreditCard_default, mean score is 0.797443, standard variance is 0.005324
2021-05-09 11:47:08,429 - __main__ - INFO - For dataset AP_Omentum_Ovary, mean score is 0.780281, standard variance is 0.017223
2021-05-09 11:51:58,599 - __main__ - INFO - For dataset AP_Omentum_Ovary, mean score is 0.602822, standard variance is 0.011780
2021-05-09 12:04:50,939 - __main__ - INFO - For dataset AP_Omentum_Ovary, mean score is 0.764843, standard variance is 0.029717
2021-05-09 12:10:16,528 - __main__ - INFO - For dataset AP_Omentum_Ovary, mean score is 0.610943, standard variance is 0.023639
2021-05-09 12:20:20,400 - __main__ - INFO - For dataset AP_Omentum_Ovary, mean score is 0.610943, standard variance is 0.023639
2021-05-10 19:52:53,133 - __main__ - INFO - For dataset Ionosphere_cleaned, mean score is 0.926691, standard variance is 0.045810
2021-05-10 23:31:41,018 - __main__ - INFO - For dataset PimaIndian, mean score is 0.722593, standard variance is 0.024762
2021-05-11 00:28:59,174 - __main__ - INFO - For dataset Lymphography, mean score is 0.387326, standard variance is 0.014787
2021-05-11 00:31:54,930 - __main__ - INFO - For dataset Lymphography, mean score is 0.387326, standard variance is 0.014787
2021-05-11 00:33:23,724 - __main__ - INFO - For dataset Lymphography, mean score is 0.837782, standard variance is 0.019353
2021-05-11 00:33:45,314 - __main__ - INFO - For dataset Lymphography, mean score is 0.831915, standard variance is 0.067946
2021-05-11 00:46:14,222 - __main__ - INFO - For dataset SpamBase, mean score is nan, standard variance is nan
2021-05-11 00:49:12,028 - __main__ - INFO - For dataset SpamBase, mean score is 0.912071, standard variance is 0.055867
2021-05-11 01:09:34,310 - __main__ - INFO - For dataset SpectF, mean score is nan, standard variance is nan
2021-05-11 17:03:53,242 - __main__ - INFO - For dataset SpamBase, mean score is 0.912071, standard variance is 0.055867
2021-05-11 17:54:19,914 - __main__ - INFO - For dataset Lymphography, mean score is 0.831915, standard variance is 0.067946
2021-05-11 17:54:35,924 - __main__ - INFO - For dataset Lymphography, mean score is nan, standard variance is nan
2021-05-12 21:12:39,521 - __main__ - INFO - For dataset R/Housing_Boston, mean score is 0.436162, standard variance is 0.136239
2021-05-12 21:16:22,477 - __main__ - INFO - For dataset R/Housing_Boston, mean score is 0.401800, standard variance is 0.156759
2021-05-12 21:16:59,051 - __main__ - INFO - For dataset R/Housing_Boston, mean score is 0.473241, standard variance is 0.137936
2021-05-12 21:21:37,930 - __main__ - INFO - For dataset R/Housing_Boston, mean score is 0.375162, standard variance is 0.175113
2021-05-12 21:41:50,844 - __main__ - INFO - For dataset R/Housing_Boston, mean score is 0.475921, standard variance is 0.132122
2021-05-12 22:57:28,309 - __main__ - INFO - For dataset R/Airfoil, mean score is 0.509088, standard variance is 0.123230
2021-05-13 00:18:24,080 - __main__ - INFO - For dataset R/Openml_616, mean score is 0.611754, standard variance is 0.012932
